Array
(
    [TIME] => 2018-02-15 16:56:48
    [DATA] => Array
        (
            [api] => v5
            [methodApi] => ordersEdit
            [errorMsg] => Order is not loaded
            [errors] => Array
                (
                    [payments[58].type] => This payment type is not supported for the type of delivery
                )

            [params] => Array
                (
                    [0] => Array
                        (
                            [number] => 6
                            [externalId] => 6
                            [createdAt] => 2018-02-15 16:56:47
                            [customer] => Array
                                (
                                    [externalId] => 1
                                )

                            [orderType] => eshop-individual
                            [status] => new
                            [delivery] => Array
                                (
                                    [cost] => 982.38
                                    [address] => Array
                                        (
                                            [text] => lipezk
                                        )

                                    [code] => spsr-expres
                                )

                            [contragent] => Array
                                (
                                    [contragentType] => individual
                                )

                            [discountManualAmount] => 0
                            [discountManualPercent] => 0
                            [lastName] => Сергей
                            [firstName] => Матяшов
                            [email] => rap19933@gmail.com
                            [phone] => 000000000
                            [items] => Array
                                (
                                    [0] => Array
                                        (
                                            [quantity] => 1
                                            [offer] => Array
                                                (
                                                    [externalId] => 154
                                                )

                                            [productName] => Футболка Мужская Чистота
                                            [discountManualAmount] => 0
                                            [discountManualPercent] => 0
                                            [initialPrice] => 799
                                        )

                                )

                            [payments] => Array
                                (
                                    [0] => Array
                                        (
                                            [type] => e-money
                                            [amount] => 1781.38
                                            [status] => not-paid
                                        )

                                )

                        )

                    [1] => externalId
                    [2] => 
                )

        )

)
Array
(
    [TIME] => 2018-02-15 16:56:49
    [DATA] => Array
        (
            [api] => v5
            [methodApi] => ordersPaymentCreate
            [errorMsg] => Errors in the entity format
            [errors] => Array
                (
                    [externalId] => This external id is already set for another payment
                    [type] => This payment type is not supported for the type of delivery
                )

            [params] => Array
                (
                    [0] => Array
                        (
                            [type] => e-money
                            [amount] => 1781.38
                            [externalId] => 6
                            [status] => not-paid
                            [order] => Array
                                (
                                    [externalId] => 6
                                )

                        )

                    [1] => 
                )

        )

)
Array
(
    [TIME] => 2018-02-15 17:35:19
    [DATA] => Array
        (
            [api] => v5
            [methodApi] => ordersPaymentCreate
            [errorMsg] => Errors in the entity format
            [errors] => Array
                (
                    [externalId] => This external id is already set for another payment
                    [type] => This payment type is not supported for the type of delivery
                )

            [params] => Array
                (
                    [0] => Array
                        (
                            [type] => e-money
                            [amount] => 6390.87
                            [externalId] => 7
                            [status] => not-paid
                            [order] => Array
                                (
                                    [externalId] => 7
                                )

                        )

                    [1] => 
                )

        )

)
Array
(
    [TIME] => 2018-02-15 18:24:30
    [DATA] => Array
        (
            [api] => v5
            [methodApi] => ordersPaymentCreate
            [errorMsg] => Errors in the entity format
            [errors] => Array
                (
                    [externalId] => This external id is already set for another payment
                    [type] => This payment type is not supported for the type of delivery
                )

            [params] => Array
                (
                    [0] => Array
                        (
                            [type] => terminals
                            [amount] => 34205
                            [externalId] => 8
                            [status] => not-paid
                            [order] => Array
                                (
                                    [externalId] => 8
                                )

                        )

                    [1] => 
                )

        )

)
Array
(
    [TIME] => 2018-02-15 18:41:58
    [DATA] => Array
        (
            [api] => v5
            [methodApi] => storeInventoriesUpload
            [errorMsg] => Inventory editing is disabled
            [errors] => 
            [params] => Array
                (
                    [0] => Array
                        (
                            [0] => Array
                                (
                                    [externalId] => 157
                                    [stores] => Array
                                        (
                                            [0] => Array
                                                (
                                                    [code] => storage2
                                                    [available] => 50
                                                )

                                            [1] => Array
                                                (
                                                    [code] => storage1
                                                    [available] => 23
                                                )

                                        )

                                )

                        )

                    [1] => bitrix_test
                )

        )

)
Array
(
    [TIME] => 2018-02-16 00:00:32
    [DATA] => Array
        (
            [api] => v5
            [methodApi] => storeInventoriesUpload
            [errorMsg] => Inventory editing is disabled
            [errors] => 
            [params] => Array
                (
                    [0] => Array
                        (
                            [0] => Array
                                (
                                    [externalId] => 157
                                    [stores] => Array
                                        (
                                            [0] => Array
                                                (
                                                    [code] => storage2
                                                    [available] => 50
                                                )

                                            [1] => Array
                                                (
                                                    [code] => storage1
                                                    [available] => 23
                                                )

                                        )

                                )

                        )

                    [1] => bitrix_test
                )

        )

)
Array
(
    [TIME] => 2018-02-16 08:40:37
    [DATA] => Array
        (
            [api] => v5
            [methodApi] => storeInventoriesUpload
            [errorMsg] => Inventory editing is disabled
            [errors] => 
            [params] => Array
                (
                    [0] => Array
                        (
                            [0] => Array
                                (
                                    [externalId] => 157
                                    [stores] => Array
                                        (
                                            [0] => Array
                                                (
                                                    [code] => storage2
                                                    [available] => 50
                                                )

                                            [1] => Array
                                                (
                                                    [code] => storage1
                                                    [available] => 23
                                                )

                                        )

                                )

                        )

                    [1] => bitrix_test
                )

        )

)
Array
(
    [TIME] => 2018-02-16 10:13:51
    [DATA] => Array
        (
            [api] => v5
            [methodApi] => storeInventoriesUpload
            [errorMsg] => Inventory editing is disabled
            [errors] => 
            [params] => Array
                (
                    [0] => Array
                        (
                            [0] => Array
                                (
                                    [externalId] => 157
                                    [stores] => Array
                                        (
                                            [0] => Array
                                                (
                                                    [code] => storage2
                                                    [available] => 50
                                                )

                                            [1] => Array
                                                (
                                                    [code] => storage1
                                                    [available] => 23
                                                )

                                        )

                                )

                        )

                    [1] => bitrix_test
                )

        )

)
